<?xml version="1.0" encoding="UTF-8" standalone="no"?>
<!DOCTYPE log SYSTEM "logger.dtd">
<log>
<record>
  <date>2019-04-10T11:37:58</date>
  <millis>1554885478864</millis>
  <sequence>0</sequence>
  <level>START</level>
  <class>com.kms.katalon.core.logging.XmlKeywordLogger</class>
  <method>startSuite</method>
  <thread>1</thread>
  <message>Start Test Suite : Test Suites/trainingSuite</message>
  <nestedLevel>0</nestedLevel>
  <property name="name">trainingSuite</property>
  <property name="description"></property>
  <property name="id">Test Suites/trainingSuite</property>
</record>
<record>
  <date>2019-04-10T11:37:58</date>
  <millis>1554885478889</millis>
  <sequence>1</sequence>
  <level>RUN_DATA</level>
  <class>com.kms.katalon.core.logging.XmlKeywordLogger</class>
  <method>logMessage</method>
  <thread>1</thread>
  <message>hostName = ukhatsko - ukhatsko2097nt.exadel.by</message>
  <nestedLevel>0</nestedLevel>
  <property name="hostName">ukhatsko - ukhatsko2097nt.exadel.by</property>
</record>
<record>
  <date>2019-04-10T11:37:58</date>
  <millis>1554885478891</millis>
  <sequence>2</sequence>
  <level>RUN_DATA</level>
  <class>com.kms.katalon.core.logging.XmlKeywordLogger</class>
  <method>logMessage</method>
  <thread>1</thread>
  <message>os = Windows 10 64bit</message>
  <nestedLevel>0</nestedLevel>
  <property name="os">Windows 10 64bit</property>
</record>
<record>
  <date>2019-04-10T11:37:58</date>
  <millis>1554885478892</millis>
  <sequence>3</sequence>
  <level>RUN_DATA</level>
  <class>com.kms.katalon.core.logging.XmlKeywordLogger</class>
  <method>logMessage</method>
  <thread>1</thread>
  <message>hostAddress = 192.168.30.2</message>
  <nestedLevel>0</nestedLevel>
  <property name="hostAddress">192.168.30.2</property>
</record>
<record>
  <date>2019-04-10T11:37:58</date>
  <millis>1554885478893</millis>
  <sequence>4</sequence>
  <level>RUN_DATA</level>
  <class>com.kms.katalon.core.logging.XmlKeywordLogger</class>
  <method>logMessage</method>
  <thread>1</thread>
  <message>katalonVersion = 6.1.1.1</message>
  <nestedLevel>0</nestedLevel>
  <property name="katalonVersion">6.1.1.1</property>
</record>
<record>
  <date>2019-04-10T11:37:59</date>
  <millis>1554885479266</millis>
  <sequence>5</sequence>
  <level>START</level>
  <class>com.kms.katalon.core.logging.XmlKeywordLogger</class>
  <method>startTest</method>
  <thread>1</thread>
  <message>Start Test Case : Test Cases/training/FirstTestCase</message>
  <nestedLevel>1</nestedLevel>
  <property name="name">Test Cases/training/FirstTestCase</property>
  <property name="description"></property>
  <property name="id">Test Cases/training/FirstTestCase</property>
  <property name="source">C:\\Users\\ukhatsko\\git\\com.exadel.training\\Test Cases\\training\\FirstTestCase.tc</property>
  <property name="isOptional">false</property>
</record>
<record>
  <date>2019-04-10T11:37:59</date>
  <millis>1554885479993</millis>
  <sequence>7</sequence>
  <level>START</level>
  <class>com.kms.katalon.core.logging.XmlKeywordLogger</class>
  <method>startKeyword</method>
  <thread>1</thread>
  <message>Start action : openBrowser(\&amp;quot;\&amp;quot;)</message>
  <nestedLevel>1</nestedLevel>
  <property name="startLine">16</property>
  <property name="stepIndex">1</property>
</record>
<record>
  <date>2019-04-10T11:38:00</date>
  <millis>1554885480698</millis>
  <sequence>9</sequence>
  <level>INFO</level>
  <class>com.kms.katalon.core.logging.XmlKeywordLogger</class>
  <method>logMessage</method>
  <thread>1</thread>
  <message>Starting &amp;apos;Chrome&amp;apos; driver</message>
  <nestedLevel>1</nestedLevel>
</record>
<record>
  <date>2019-04-10T11:38:00</date>
  <millis>1554885480778</millis>
  <sequence>10</sequence>
  <level>INFO</level>
  <class>com.kms.katalon.core.logging.XmlKeywordLogger</class>
  <method>logMessage</method>
  <thread>1</thread>
  <message>Action delay is set to 0 seconds</message>
  <nestedLevel>1</nestedLevel>
</record>
<record>
  <date>2019-04-10T11:38:05</date>
  <millis>1554885485238</millis>
  <sequence>12</sequence>
  <level>RUN_DATA</level>
  <class>com.kms.katalon.core.logging.XmlKeywordLogger</class>
  <method>logMessage</method>
  <thread>1</thread>
  <message>sessionId = 0b1a358444db06ec67798f5e2da80309</message>
  <nestedLevel>1</nestedLevel>
  <property name="sessionId">0b1a358444db06ec67798f5e2da80309</property>
</record>
<record>
  <date>2019-04-10T11:38:05</date>
  <millis>1554885485281</millis>
  <sequence>13</sequence>
  <level>RUN_DATA</level>
  <class>com.kms.katalon.core.logging.XmlKeywordLogger</class>
  <method>logMessage</method>
  <thread>1</thread>
  <message>browser = Chrome 73.0.3683.103</message>
  <nestedLevel>1</nestedLevel>
  <property name="browser">Chrome 73.0.3683.103</property>
</record>
<record>
  <date>2019-04-10T11:38:05</date>
  <millis>1554885485282</millis>
  <sequence>14</sequence>
  <level>RUN_DATA</level>
  <class>com.kms.katalon.core.logging.XmlKeywordLogger</class>
  <method>logMessage</method>
  <thread>1</thread>
  <message>platform = Windows 10</message>
  <nestedLevel>1</nestedLevel>
  <property name="platform">Windows 10</property>
</record>
<record>
  <date>2019-04-10T11:38:05</date>
  <millis>1554885485286</millis>
  <sequence>15</sequence>
  <level>RUN_DATA</level>
  <class>com.kms.katalon.core.logging.XmlKeywordLogger</class>
  <method>logMessage</method>
  <thread>1</thread>
  <message>seleniumVersion = 3.7.1</message>
  <nestedLevel>1</nestedLevel>
  <property name="seleniumVersion">3.7.1</property>
</record>
<record>
  <date>2019-04-10T11:38:05</date>
  <millis>1554885485287</millis>
  <sequence>16</sequence>
  <level>RUN_DATA</level>
  <class>com.kms.katalon.core.logging.XmlKeywordLogger</class>
  <method>logMessage</method>
  <thread>1</thread>
  <message>proxyInformation = ProxyInformation{proxyOption=NO_PROXY, proxyServerType=HTTP, password=, proxyServerAddress=, proxyServerPort=0}</message>
  <nestedLevel>1</nestedLevel>
  <property name="proxyInformation">ProxyInformation{proxyOption=NO_PROXY, proxyServerType=HTTP, password=, proxyServerAddress=, proxyServerPort=0}</property>
</record>
<record>
  <date>2019-04-10T11:38:05</date>
  <millis>1554885485288</millis>
  <sequence>17</sequence>
  <level>PASSED</level>
  <class>com.kms.katalon.core.logging.XmlKeywordLogger</class>
  <method>logMessage</method>
  <thread>1</thread>
  <message>Browser is opened with url: &amp;apos;&amp;apos;</message>
  <nestedLevel>1</nestedLevel>
</record>
<record>
  <date>2019-04-10T11:38:05</date>
  <millis>1554885485290</millis>
  <sequence>18</sequence>
  <level>END</level>
  <class>com.kms.katalon.core.logging.XmlKeywordLogger</class>
  <method>endKeyword</method>
  <thread>1</thread>
  <message>End action : openBrowser(\&amp;quot;\&amp;quot;)</message>
  <nestedLevel>1</nestedLevel>
</record>
<record>
  <date>2019-04-10T11:38:05</date>
  <millis>1554885485291</millis>
  <sequence>19</sequence>
  <level>START</level>
  <class>com.kms.katalon.core.logging.XmlKeywordLogger</class>
  <method>startKeyword</method>
  <thread>1</thread>
  <message>Start action : navigateToUrl(\&amp;quot;https://www.onliner.by/\&amp;quot;)</message>
  <nestedLevel>1</nestedLevel>
  <property name="startLine">18</property>
  <property name="stepIndex">2</property>
</record>
<record>
  <date>2019-04-10T11:38:07</date>
  <millis>1554885487938</millis>
  <sequence>22</sequence>
  <level>PASSED</level>
  <class>com.kms.katalon.core.logging.XmlKeywordLogger</class>
  <method>logMessage</method>
  <thread>1</thread>
  <message>Navigate to &amp;apos;https://www.onliner.by/&amp;apos; successfully</message>
  <nestedLevel>1</nestedLevel>
</record>
<record>
  <date>2019-04-10T11:38:07</date>
  <millis>1554885487939</millis>
  <sequence>23</sequence>
  <level>END</level>
  <class>com.kms.katalon.core.logging.XmlKeywordLogger</class>
  <method>endKeyword</method>
  <thread>1</thread>
  <message>End action : navigateToUrl(\&amp;quot;https://www.onliner.by/\&amp;quot;)</message>
  <nestedLevel>1</nestedLevel>
</record>
<record>
  <date>2019-04-10T11:38:07</date>
  <millis>1554885487939</millis>
  <sequence>24</sequence>
  <level>START</level>
  <class>com.kms.katalon.core.logging.XmlKeywordLogger</class>
  <method>startKeyword</method>
  <thread>1</thread>
  <message>Start action : click(findTestObject(\&amp;quot;Object Repository/onliner_mobile/Page_Onliner/mobile_catalog_btn\&amp;quot;))</message>
  <nestedLevel>1</nestedLevel>
  <property name="startLine">20</property>
  <property name="stepIndex">3</property>
</record>
<record>
  <date>2019-04-10T11:38:12</date>
  <millis>1554885492016</millis>
  <sequence>31</sequence>
  <level>PASSED</level>
  <class>com.kms.katalon.core.logging.XmlKeywordLogger</class>
  <method>logMessage</method>
  <thread>1</thread>
  <message>Object: &amp;apos;Object Repository/onliner_mobile/Page_Onliner/mobile_catalog_btn&amp;apos; is clicked on</message>
  <nestedLevel>1</nestedLevel>
</record>
<record>
  <date>2019-04-10T11:38:12</date>
  <millis>1554885492018</millis>
  <sequence>32</sequence>
  <level>END</level>
  <class>com.kms.katalon.core.logging.XmlKeywordLogger</class>
  <method>endKeyword</method>
  <thread>1</thread>
  <message>End action : click(findTestObject(\&amp;quot;Object Repository/onliner_mobile/Page_Onliner/mobile_catalog_btn\&amp;quot;))</message>
  <nestedLevel>1</nestedLevel>
</record>
<record>
  <date>2019-04-10T11:38:12</date>
  <millis>1554885492018</millis>
  <sequence>33</sequence>
  <level>START</level>
  <class>com.kms.katalon.core.logging.XmlKeywordLogger</class>
  <method>startKeyword</method>
  <thread>1</thread>
  <message>Start action : verifyElementVisible(findTestObject(\&amp;quot;Object Repository/onliner_mobile/Page_/mobile_catalog_title\&amp;quot;))</message>
  <nestedLevel>1</nestedLevel>
  <property name="startLine">22</property>
  <property name="stepIndex">4</property>
</record>
<record>
  <date>2019-04-10T11:38:12</date>
  <millis>1554885492114</millis>
  <sequence>39</sequence>
  <level>PASSED</level>
  <class>com.kms.katalon.core.logging.XmlKeywordLogger</class>
  <method>logMessage</method>
  <thread>1</thread>
  <message>Object &amp;apos;Object Repository/onliner_mobile/Page_/mobile_catalog_title&amp;apos; is visible</message>
  <nestedLevel>1</nestedLevel>
</record>
<record>
  <date>2019-04-10T11:38:12</date>
  <millis>1554885492115</millis>
  <sequence>40</sequence>
  <level>END</level>
  <class>com.kms.katalon.core.logging.XmlKeywordLogger</class>
  <method>endKeyword</method>
  <thread>1</thread>
  <message>End action : verifyElementVisible(findTestObject(\&amp;quot;Object Repository/onliner_mobile/Page_/mobile_catalog_title\&amp;quot;))</message>
  <nestedLevel>1</nestedLevel>
</record>
<record>
  <date>2019-04-10T11:38:12</date>
  <millis>1554885492115</millis>
  <sequence>41</sequence>
  <level>START</level>
  <class>com.kms.katalon.core.logging.XmlKeywordLogger</class>
  <method>startKeyword</method>
  <thread>1</thread>
  <message>Start action : verifyElementText(findTestObject(\&amp;quot;Object Repository/onliner_mobile/Page_/mobile_catalog_title\&amp;quot;), \&amp;quot;\u041C\u043E\u0431\u0438\u043B\u044C\u043D\u044B\u0435 \u0442\u0435\u043B\u0435\u0444\u043E\u043D\u044B\&amp;quot;)</message>
  <nestedLevel>1</nestedLevel>
  <property name="startLine">24</property>
  <property name="stepIndex">5</property>
</record>
<record>
  <date>2019-04-10T11:38:12</date>
  <millis>1554885492204</millis>
  <sequence>47</sequence>
  <level>PASSED</level>
  <class>com.kms.katalon.core.logging.XmlKeywordLogger</class>
  <method>logMessage</method>
  <thread>1</thread>
  <message>Actual text and expected text of test object &amp;apos;Object Repository/onliner_mobile/Page_/mobile_catalog_title&amp;apos; are matched.</message>
  <nestedLevel>1</nestedLevel>
</record>
<record>
  <date>2019-04-10T11:38:12</date>
  <millis>1554885492205</millis>
  <sequence>48</sequence>
  <level>END</level>
  <class>com.kms.katalon.core.logging.XmlKeywordLogger</class>
  <method>endKeyword</method>
  <thread>1</thread>
  <message>End action : verifyElementText(findTestObject(\&amp;quot;Object Repository/onliner_mobile/Page_/mobile_catalog_title\&amp;quot;), \&amp;quot;\u041C\u043E\u0431\u0438\u043B\u044C\u043D\u044B\u0435 \u0442\u0435\u043B\u0435\u0444\u043E\u043D\u044B\&amp;quot;)</message>
  <nestedLevel>1</nestedLevel>
</record>
<record>
  <date>2019-04-10T11:38:12</date>
  <millis>1554885492206</millis>
  <sequence>49</sequence>
  <level>START</level>
  <class>com.kms.katalon.core.logging.XmlKeywordLogger</class>
  <method>startKeyword</method>
  <thread>1</thread>
  <message>Start action : closeBrowser()</message>
  <nestedLevel>1</nestedLevel>
  <property name="startLine">26</property>
  <property name="stepIndex">6</property>
</record>
<record>
  <date>2019-04-10T11:38:13</date>
  <millis>1554885493161</millis>
  <sequence>51</sequence>
  <level>PASSED</level>
  <class>com.kms.katalon.core.logging.XmlKeywordLogger</class>
  <method>logMessage</method>
  <thread>1</thread>
  <message>Browser is closed</message>
  <nestedLevel>1</nestedLevel>
</record>
<record>
  <date>2019-04-10T11:38:13</date>
  <millis>1554885493162</millis>
  <sequence>52</sequence>
  <level>END</level>
  <class>com.kms.katalon.core.logging.XmlKeywordLogger</class>
  <method>endKeyword</method>
  <thread>1</thread>
  <message>End action : closeBrowser()</message>
  <nestedLevel>1</nestedLevel>
</record>
<record>
  <date>2019-04-10T11:38:13</date>
  <millis>1554885493162</millis>
  <sequence>53</sequence>
  <level>PASSED</level>
  <class>com.kms.katalon.core.logging.XmlKeywordLogger</class>
  <method>logMessage</method>
  <thread>1</thread>
  <message>Test Cases/training/FirstTestCase</message>
  <nestedLevel>1</nestedLevel>
</record>
<record>
  <date>2019-04-10T11:38:13</date>
  <millis>1554885493163</millis>
  <sequence>54</sequence>
  <level>END</level>
  <class>com.kms.katalon.core.logging.XmlKeywordLogger</class>
  <method>endTest</method>
  <thread>1</thread>
  <message>End Test Case : Test Cases/training/FirstTestCase</message>
  <nestedLevel>0</nestedLevel>
</record>
<record>
  <date>2019-04-10T11:38:13</date>
  <millis>1554885493172</millis>
  <sequence>55</sequence>
  <level>START</level>
  <class>com.kms.katalon.core.logging.XmlKeywordLogger</class>
  <method>startTest</method>
  <thread>1</thread>
  <message>Start Test Case : Test Cases/training/Open Car Catalog page</message>
  <nestedLevel>1</nestedLevel>
  <property name="name">Test Cases/training/Open Car Catalog page</property>
  <property name="description"></property>
  <property name="id">Test Cases/training/Open Car Catalog page</property>
  <property name="source">C:\\Users\\ukhatsko\\git\\com.exadel.training\\Test Cases\\training\\Open Car Catalog page.tc</property>
  <property name="isOptional">false</property>
</record>
<record>
  <date>2019-04-10T11:38:13</date>
  <millis>1554885493488</millis>
  <sequence>57</sequence>
  <level>START</level>
  <class>com.kms.katalon.core.logging.XmlKeywordLogger</class>
  <method>startKeyword</method>
  <thread>1</thread>
  <message>Start action : openBrowser(\&amp;quot;https://www.onliner.by/\&amp;quot;)</message>
  <nestedLevel>1</nestedLevel>
  <property name="startLine">16</property>
  <property name="stepIndex">1</property>
</record>
<record>
  <date>2019-04-10T11:38:13</date>
  <millis>1554885493495</millis>
  <sequence>59</sequence>
  <level>INFO</level>
  <class>com.kms.katalon.core.logging.XmlKeywordLogger</class>
  <method>logMessage</method>
  <thread>1</thread>
  <message>Starting &amp;apos;Chrome&amp;apos; driver</message>
  <nestedLevel>1</nestedLevel>
</record>
<record>
  <date>2019-04-10T11:38:15</date>
  <millis>1554885495945</millis>
  <sequence>61</sequence>
  <level>RUN_DATA</level>
  <class>com.kms.katalon.core.logging.XmlKeywordLogger</class>
  <method>logMessage</method>
  <thread>1</thread>
  <message>sessionId = 1558a4a1d2424ac0471fabda77996fb4</message>
  <nestedLevel>1</nestedLevel>
  <property name="sessionId">1558a4a1d2424ac0471fabda77996fb4</property>
</record>
<record>
  <date>2019-04-10T11:38:15</date>
  <millis>1554885495981</millis>
  <sequence>62</sequence>
  <level>RUN_DATA</level>
  <class>com.kms.katalon.core.logging.XmlKeywordLogger</class>
  <method>logMessage</method>
  <thread>1</thread>
  <message>browser = Chrome 73.0.3683.103</message>
  <nestedLevel>1</nestedLevel>
  <property name="browser">Chrome 73.0.3683.103</property>
</record>
<record>
  <date>2019-04-10T11:38:15</date>
  <millis>1554885495982</millis>
  <sequence>63</sequence>
  <level>RUN_DATA</level>
  <class>com.kms.katalon.core.logging.XmlKeywordLogger</class>
  <method>logMessage</method>
  <thread>1</thread>
  <message>platform = Windows 10</message>
  <nestedLevel>1</nestedLevel>
  <property name="platform">Windows 10</property>
</record>
<record>
  <date>2019-04-10T11:38:15</date>
  <millis>1554885495982</millis>
  <sequence>64</sequence>
  <level>RUN_DATA</level>
  <class>com.kms.katalon.core.logging.XmlKeywordLogger</class>
  <method>logMessage</method>
  <thread>1</thread>
  <message>seleniumVersion = 3.7.1</message>
  <nestedLevel>1</nestedLevel>
  <property name="seleniumVersion">3.7.1</property>
</record>
<record>
  <date>2019-04-10T11:38:15</date>
  <millis>1554885495984</millis>
  <sequence>65</sequence>
  <level>RUN_DATA</level>
  <class>com.kms.katalon.core.logging.XmlKeywordLogger</class>
  <method>logMessage</method>
  <thread>1</thread>
  <message>proxyInformation = ProxyInformation{proxyOption=NO_PROXY, proxyServerType=HTTP, password=, proxyServerAddress=, proxyServerPort=0}</message>
  <nestedLevel>1</nestedLevel>
  <property name="proxyInformation">ProxyInformation{proxyOption=NO_PROXY, proxyServerType=HTTP, password=, proxyServerAddress=, proxyServerPort=0}</property>
</record>
<record>
  <date>2019-04-10T11:38:18</date>
  <millis>1554885498765</millis>
  <sequence>67</sequence>
  <level>PASSED</level>
  <class>com.kms.katalon.core.logging.XmlKeywordLogger</class>
  <method>logMessage</method>
  <thread>1</thread>
  <message>Browser is opened with url: &amp;apos;https://www.onliner.by/&amp;apos;</message>
  <nestedLevel>1</nestedLevel>
</record>
<record>
  <date>2019-04-10T11:38:18</date>
  <millis>1554885498766</millis>
  <sequence>68</sequence>
  <level>END</level>
  <class>com.kms.katalon.core.logging.XmlKeywordLogger</class>
  <method>endKeyword</method>
  <thread>1</thread>
  <message>End action : openBrowser(\&amp;quot;https://www.onliner.by/\&amp;quot;)</message>
  <nestedLevel>1</nestedLevel>
</record>
<record>
  <date>2019-04-10T11:38:18</date>
  <millis>1554885498767</millis>
  <sequence>69</sequence>
  <level>START</level>
  <class>com.kms.katalon.core.logging.XmlKeywordLogger</class>
  <method>startKeyword</method>
  <thread>1</thread>
  <message>Start action : maximizeWindow()</message>
  <nestedLevel>1</nestedLevel>
  <property name="startLine">18</property>
  <property name="stepIndex">2</property>
</record>
<record>
  <date>2019-04-10T11:38:20</date>
  <millis>1554885500182</millis>
  <sequence>71</sequence>
  <level>PASSED</level>
  <class>com.kms.katalon.core.logging.XmlKeywordLogger</class>
  <method>logMessage</method>
  <thread>1</thread>
  <message>Current window maximized</message>
  <nestedLevel>1</nestedLevel>
</record>
<record>
  <date>2019-04-10T11:38:20</date>
  <millis>1554885500182</millis>
  <sequence>72</sequence>
  <level>END</level>
  <class>com.kms.katalon.core.logging.XmlKeywordLogger</class>
  <method>endKeyword</method>
  <thread>1</thread>
  <message>End action : maximizeWindow()</message>
  <nestedLevel>1</nestedLevel>
</record>
<record>
  <date>2019-04-10T11:38:20</date>
  <millis>1554885500183</millis>
  <sequence>73</sequence>
  <level>START</level>
  <class>com.kms.katalon.core.logging.XmlKeywordLogger</class>
  <method>startKeyword</method>
  <thread>1</thread>
  <message>Start action : waitForElementVisible(findTestObject(\&amp;quot;Page_Onliner/img__onliner_logo\&amp;quot;), 3)</message>
  <nestedLevel>1</nestedLevel>
  <property name="startLine">20</property>
  <property name="stepIndex">3</property>
</record>
<record>
  <date>2019-04-10T11:38:20</date>
  <millis>1554885500640</millis>
  <sequence>80</sequence>
  <level>PASSED</level>
  <class>com.kms.katalon.core.logging.XmlKeywordLogger</class>
  <method>logMessage</method>
  <thread>1</thread>
  <message>Object &amp;apos;Object Repository/Page_Onliner/img__onliner_logo&amp;apos; is visible</message>
  <nestedLevel>1</nestedLevel>
</record>
<record>
  <date>2019-04-10T11:38:20</date>
  <millis>1554885500641</millis>
  <sequence>81</sequence>
  <level>END</level>
  <class>com.kms.katalon.core.logging.XmlKeywordLogger</class>
  <method>endKeyword</method>
  <thread>1</thread>
  <message>End action : waitForElementVisible(findTestObject(\&amp;quot;Page_Onliner/img__onliner_logo\&amp;quot;), 3)</message>
  <nestedLevel>1</nestedLevel>
</record>
<record>
  <date>2019-04-10T11:38:20</date>
  <millis>1554885500642</millis>
  <sequence>82</sequence>
  <level>START</level>
  <class>com.kms.katalon.core.logging.XmlKeywordLogger</class>
  <method>startKeyword</method>
  <thread>1</thread>
  <message>Start action : waitForElementPresent(findTestObject(\&amp;quot;Object Repository/script_mode/Page_Onliner/span_\&amp;quot;), 3)</message>
  <nestedLevel>1</nestedLevel>
  <property name="startLine">22</property>
  <property name="stepIndex">4</property>
</record>
<record>
  <date>2019-04-10T11:38:20</date>
  <millis>1554885500866</millis>
  <sequence>88</sequence>
  <level>PASSED</level>
  <class>com.kms.katalon.core.logging.XmlKeywordLogger</class>
  <method>logMessage</method>
  <thread>1</thread>
  <message>Object &amp;apos;Object Repository/script_mode/Page_Onliner/span_&amp;apos; is present</message>
  <nestedLevel>1</nestedLevel>
</record>
<record>
  <date>2019-04-10T11:38:20</date>
  <millis>1554885500867</millis>
  <sequence>89</sequence>
  <level>END</level>
  <class>com.kms.katalon.core.logging.XmlKeywordLogger</class>
  <method>endKeyword</method>
  <thread>1</thread>
  <message>End action : waitForElementPresent(findTestObject(\&amp;quot;Object Repository/script_mode/Page_Onliner/span_\&amp;quot;), 3)</message>
  <nestedLevel>1</nestedLevel>
</record>
<record>
  <date>2019-04-10T11:38:20</date>
  <millis>1554885500867</millis>
  <sequence>90</sequence>
  <level>START</level>
  <class>com.kms.katalon.core.logging.XmlKeywordLogger</class>
  <method>startKeyword</method>
  <thread>1</thread>
  <message>Start action : click(findTestObject(\&amp;quot;Object Repository/script_mode/Page_Onliner/span_\&amp;quot;))</message>
  <nestedLevel>1</nestedLevel>
  <property name="startLine">24</property>
  <property name="stepIndex">5</property>
</record>
<record>
  <date>2019-04-10T11:38:24</date>
  <millis>1554885504040</millis>
  <sequence>97</sequence>
  <level>PASSED</level>
  <class>com.kms.katalon.core.logging.XmlKeywordLogger</class>
  <method>logMessage</method>
  <thread>1</thread>
  <message>Object: &amp;apos;Object Repository/script_mode/Page_Onliner/span_&amp;apos; is clicked on</message>
  <nestedLevel>1</nestedLevel>
</record>
<record>
  <date>2019-04-10T11:38:24</date>
  <millis>1554885504041</millis>
  <sequence>98</sequence>
  <level>END</level>
  <class>com.kms.katalon.core.logging.XmlKeywordLogger</class>
  <method>endKeyword</method>
  <thread>1</thread>
  <message>End action : click(findTestObject(\&amp;quot;Object Repository/script_mode/Page_Onliner/span_\&amp;quot;))</message>
  <nestedLevel>1</nestedLevel>
</record>
<record>
  <date>2019-04-10T11:38:24</date>
  <millis>1554885504041</millis>
  <sequence>99</sequence>
  <level>START</level>
  <class>com.kms.katalon.core.logging.XmlKeywordLogger</class>
  <method>startKeyword</method>
  <thread>1</thread>
  <message>Start action : waitForElementVisible(findTestObject(\&amp;quot;Object Repository/script_mode/Page_        -/h1_\&amp;quot;), 5)</message>
  <nestedLevel>1</nestedLevel>
  <property name="startLine">26</property>
  <property name="stepIndex">6</property>
</record>
<record>
  <date>2019-04-10T11:38:24</date>
  <millis>1554885504204</millis>
  <sequence>106</sequence>
  <level>PASSED</level>
  <class>com.kms.katalon.core.logging.XmlKeywordLogger</class>
  <method>logMessage</method>
  <thread>1</thread>
  <message>Object &amp;apos;Object Repository/script_mode/Page_        -/h1_&amp;apos; is visible</message>
  <nestedLevel>1</nestedLevel>
</record>
<record>
  <date>2019-04-10T11:38:24</date>
  <millis>1554885504205</millis>
  <sequence>107</sequence>
  <level>END</level>
  <class>com.kms.katalon.core.logging.XmlKeywordLogger</class>
  <method>endKeyword</method>
  <thread>1</thread>
  <message>End action : waitForElementVisible(findTestObject(\&amp;quot;Object Repository/script_mode/Page_        -/h1_\&amp;quot;), 5)</message>
  <nestedLevel>1</nestedLevel>
</record>
<record>
  <date>2019-04-10T11:38:24</date>
  <millis>1554885504205</millis>
  <sequence>108</sequence>
  <level>START</level>
  <class>com.kms.katalon.core.logging.XmlKeywordLogger</class>
  <method>startKeyword</method>
  <thread>1</thread>
  <message>Start action : selectOptionByValue(findTestObject(\&amp;quot;script_mode/Page_/select_\&amp;quot;), \&amp;quot;5\&amp;quot;, false)</message>
  <nestedLevel>1</nestedLevel>
  <property name="startLine">28</property>
  <property name="stepIndex">7</property>
</record>
<record>
  <date>2019-04-10T11:38:24</date>
  <millis>1554885504985</millis>
  <sequence>116</sequence>
  <level>PASSED</level>
  <class>com.kms.katalon.core.logging.XmlKeywordLogger</class>
  <method>logMessage</method>
  <thread>1</thread>
  <message>All options with value &amp;apos;5&amp;apos; are selected in object &amp;apos;Object Repository/script_mode/Page_/select_&amp;apos; </message>
  <nestedLevel>1</nestedLevel>
</record>
<record>
  <date>2019-04-10T11:38:24</date>
  <millis>1554885504987</millis>
  <sequence>117</sequence>
  <level>END</level>
  <class>com.kms.katalon.core.logging.XmlKeywordLogger</class>
  <method>endKeyword</method>
  <thread>1</thread>
  <message>End action : selectOptionByValue(findTestObject(\&amp;quot;script_mode/Page_/select_\&amp;quot;), \&amp;quot;5\&amp;quot;, false)</message>
  <nestedLevel>1</nestedLevel>
</record>
<record>
  <date>2019-04-10T11:38:24</date>
  <millis>1554885504987</millis>
  <sequence>118</sequence>
  <level>START</level>
  <class>com.kms.katalon.core.logging.XmlKeywordLogger</class>
  <method>startKeyword</method>
  <thread>1</thread>
  <message>Start action : waitForElementPresent(findTestObject(\&amp;quot;Object Repository/script_mode/Page_        -/h1_\&amp;quot;), 5)</message>
  <nestedLevel>1</nestedLevel>
  <property name="startLine">30</property>
  <property name="stepIndex">8</property>
</record>
<record>
  <date>2019-04-10T11:38:25</date>
  <millis>1554885505104</millis>
  <sequence>124</sequence>
  <level>PASSED</level>
  <class>com.kms.katalon.core.logging.XmlKeywordLogger</class>
  <method>logMessage</method>
  <thread>1</thread>
  <message>Object &amp;apos;Object Repository/script_mode/Page_        -/h1_&amp;apos; is present</message>
  <nestedLevel>1</nestedLevel>
</record>
<record>
  <date>2019-04-10T11:38:25</date>
  <millis>1554885505106</millis>
  <sequence>125</sequence>
  <level>END</level>
  <class>com.kms.katalon.core.logging.XmlKeywordLogger</class>
  <method>endKeyword</method>
  <thread>1</thread>
  <message>End action : waitForElementPresent(findTestObject(\&amp;quot;Object Repository/script_mode/Page_        -/h1_\&amp;quot;), 5)</message>
  <nestedLevel>1</nestedLevel>
</record>
<record>
  <date>2019-04-10T11:38:25</date>
  <millis>1554885505106</millis>
  <sequence>126</sequence>
  <level>START</level>
  <class>com.kms.katalon.core.logging.XmlKeywordLogger</class>
  <method>startKeyword</method>
  <thread>1</thread>
  <message>Start action : waitForPageLoad(3)</message>
  <nestedLevel>1</nestedLevel>
  <property name="startLine">32</property>
  <property name="stepIndex">9</property>
</record>
<record>
  <date>2019-04-10T11:38:25</date>
  <millis>1554885505563</millis>
  <sequence>128</sequence>
  <level>PASSED</level>
  <class>com.kms.katalon.core.logging.XmlKeywordLogger</class>
  <method>logMessage</method>
  <thread>1</thread>
  <message>Wait for page load successfully</message>
  <nestedLevel>1</nestedLevel>
</record>
<record>
  <date>2019-04-10T11:38:25</date>
  <millis>1554885505566</millis>
  <sequence>129</sequence>
  <level>END</level>
  <class>com.kms.katalon.core.logging.XmlKeywordLogger</class>
  <method>endKeyword</method>
  <thread>1</thread>
  <message>End action : waitForPageLoad(3)</message>
  <nestedLevel>1</nestedLevel>
</record>
<record>
  <date>2019-04-10T11:38:25</date>
  <millis>1554885505567</millis>
  <sequence>130</sequence>
  <level>START</level>
  <class>com.kms.katalon.core.logging.XmlKeywordLogger</class>
  <method>startKeyword</method>
  <thread>1</thread>
  <message>Start action : carCatalogTitle = getText(findTestObject(\&amp;quot;Object Repository/script_mode/Page_        -/h1_\&amp;quot;))</message>
  <nestedLevel>1</nestedLevel>
  <property name="startLine">34</property>
  <property name="stepIndex">10</property>
</record>
<record>
  <date>2019-04-10T11:38:25</date>
  <millis>1554885505675</millis>
  <sequence>137</sequence>
  <level>PASSED</level>
  <class>com.kms.katalon.core.logging.XmlKeywordLogger</class>
  <method>logMessage</method>
  <thread>1</thread>
  <message>Text of object &amp;apos;Object Repository/script_mode/Page_        -/h1_&amp;apos; is: &amp;apos;BMW&amp;apos;</message>
  <nestedLevel>1</nestedLevel>
</record>
<record>
  <date>2019-04-10T11:38:25</date>
  <millis>1554885505676</millis>
  <sequence>138</sequence>
  <level>END</level>
  <class>com.kms.katalon.core.logging.XmlKeywordLogger</class>
  <method>endKeyword</method>
  <thread>1</thread>
  <message>End action : carCatalogTitle = getText(findTestObject(\&amp;quot;Object Repository/script_mode/Page_        -/h1_\&amp;quot;))</message>
  <nestedLevel>1</nestedLevel>
</record>
<record>
  <date>2019-04-10T11:38:25</date>
  <millis>1554885505676</millis>
  <sequence>139</sequence>
  <level>START</level>
  <class>com.kms.katalon.core.logging.XmlKeywordLogger</class>
  <method>startKeyword</method>
  <thread>1</thread>
  <message>Start action : verifyEqual(carCatalogTitle, \&amp;quot;BMW\&amp;quot;)</message>
  <nestedLevel>1</nestedLevel>
  <property name="startLine">36</property>
  <property name="stepIndex">11</property>
</record>
<record>
  <date>2019-04-10T11:38:25</date>
  <millis>1554885505719</millis>
  <sequence>141</sequence>
  <level>PASSED</level>
  <class>com.kms.katalon.core.logging.XmlKeywordLogger</class>
  <method>logMessage</method>
  <thread>1</thread>
  <message>Actual object &amp;apos;BMW&amp;apos; and expected object &amp;apos;BMW&amp;apos; are equal</message>
  <nestedLevel>1</nestedLevel>
</record>
<record>
  <date>2019-04-10T11:38:25</date>
  <millis>1554885505720</millis>
  <sequence>142</sequence>
  <level>END</level>
  <class>com.kms.katalon.core.logging.XmlKeywordLogger</class>
  <method>endKeyword</method>
  <thread>1</thread>
  <message>End action : verifyEqual(carCatalogTitle, \&amp;quot;BMW\&amp;quot;)</message>
  <nestedLevel>1</nestedLevel>
</record>
<record>
  <date>2019-04-10T11:38:25</date>
  <millis>1554885505721</millis>
  <sequence>143</sequence>
  <level>START</level>
  <class>com.kms.katalon.core.logging.XmlKeywordLogger</class>
  <method>startKeyword</method>
  <thread>1</thread>
  <message>Start action : if (carCatalogTitle.equals(\&amp;quot;BMW\&amp;quot;))</message>
  <nestedLevel>1</nestedLevel>
  <property name="startLine">38</property>
  <property name="stepIndex">12</property>
</record>
<record>
  <date>2019-04-10T11:38:25</date>
  <millis>1554885505722</millis>
  <sequence>144</sequence>
  <level>START</level>
  <class>com.kms.katalon.core.logging.XmlKeywordLogger</class>
  <method>startKeyword</method>
  <thread>1</thread>
  <message>Start action : println(\&amp;quot;YESSSS\&amp;quot;)</message>
  <nestedLevel>2</nestedLevel>
  <property name="startLine">40</property>
  <property name="stepIndex">1</property>
</record>
<record>
  <date>2019-04-10T11:38:25</date>
  <millis>1554885505727</millis>
  <sequence>145</sequence>
  <level>END</level>
  <class>com.kms.katalon.core.logging.XmlKeywordLogger</class>
  <method>endKeyword</method>
  <thread>1</thread>
  <message>End action : println(\&amp;quot;YESSSS\&amp;quot;)</message>
  <nestedLevel>2</nestedLevel>
</record>
<record>
  <date>2019-04-10T11:38:25</date>
  <millis>1554885505727</millis>
  <sequence>146</sequence>
  <level>END</level>
  <class>com.kms.katalon.core.logging.XmlKeywordLogger</class>
  <method>endKeyword</method>
  <thread>1</thread>
  <message>End action : if (carCatalogTitle.equals(\&amp;quot;BMW\&amp;quot;))</message>
  <nestedLevel>1</nestedLevel>
</record>
<record>
  <date>2019-04-10T11:38:25</date>
  <millis>1554885505728</millis>
  <sequence>147</sequence>
  <level>START</level>
  <class>com.kms.katalon.core.logging.XmlKeywordLogger</class>
  <method>startKeyword</method>
  <thread>1</thread>
  <message>Start action : closeBrowser()</message>
  <nestedLevel>1</nestedLevel>
  <property name="startLine">43</property>
  <property name="stepIndex">13</property>
</record>
<record>
  <date>2019-04-10T11:38:26</date>
  <millis>1554885506916</millis>
  <sequence>149</sequence>
  <level>PASSED</level>
  <class>com.kms.katalon.core.logging.XmlKeywordLogger</class>
  <method>logMessage</method>
  <thread>1</thread>
  <message>Browser is closed</message>
  <nestedLevel>1</nestedLevel>
</record>
<record>
  <date>2019-04-10T11:38:26</date>
  <millis>1554885506917</millis>
  <sequence>150</sequence>
  <level>END</level>
  <class>com.kms.katalon.core.logging.XmlKeywordLogger</class>
  <method>endKeyword</method>
  <thread>1</thread>
  <message>End action : closeBrowser()</message>
  <nestedLevel>1</nestedLevel>
</record>
<record>
  <date>2019-04-10T11:38:26</date>
  <millis>1554885506917</millis>
  <sequence>151</sequence>
  <level>PASSED</level>
  <class>com.kms.katalon.core.logging.XmlKeywordLogger</class>
  <method>logMessage</method>
  <thread>1</thread>
  <message>Test Cases/training/Open Car Catalog page</message>
  <nestedLevel>1</nestedLevel>
</record>
<record>
  <date>2019-04-10T11:38:26</date>
  <millis>1554885506918</millis>
  <sequence>152</sequence>
  <level>END</level>
  <class>com.kms.katalon.core.logging.XmlKeywordLogger</class>
  <method>endTest</method>
  <thread>1</thread>
  <message>End Test Case : Test Cases/training/Open Car Catalog page</message>
  <nestedLevel>0</nestedLevel>
</record>
<record>
  <date>2019-04-10T11:38:26</date>
  <millis>1554885506958</millis>
  <sequence>153</sequence>
  <level>END</level>
  <class>com.kms.katalon.core.logging.XmlKeywordLogger</class>
  <method>endSuite</method>
  <thread>1</thread>
  <message>End Test Suite : Test Suites/trainingSuite</message>
  <nestedLevel>0</nestedLevel>
</record>
</log>
